<?xml version="1.0" encoding="UTF-8"?>
<!-- Generated by org.testng.reporters.JUnitReportReporter -->
<testsuite hostname="DELL-PC" failures="0" tests="2" name="Listener.TC_001" time="7.830" errors="0" timestamp="2019-10-20T00:19:19 IST" skipped="0">
  <testcase classname="Listener.TC_001" name="urlcall" time="7.818"/>
  <testcase classname="Listener.TC_001" name="login2222" time="0.012"/>
</testsuite> <!-- Listener.TC_001 -->
