<?xml version="1.0" encoding="UTF-8"?>
<!-- Generated by org.testng.reporters.JUnitReportReporter -->
<testsuite hostname="DELL-PC" failures="0" tests="3" name="groupskipdependencyprioritytest.TC_001" time="0.014" errors="0" timestamp="10 Oct 2019 03:26:50 GMT" skipped="1">
  <testcase classname="groupskipdependencyprioritytest.TC_001" name="green" time="0.002">
    <skipped/>
  </testcase> <!-- green -->
  <testcase classname="groupskipdependencyprioritytest.TC_001" name="Blue" time="0.011"/>
  <testcase classname="groupskipdependencyprioritytest.TC_001" name="purple" time="0.001"/>
</testsuite> <!-- groupskipdependencyprioritytest.TC_001 -->
