<?xml version="1.0" encoding="UTF-8"?>
<!-- Generated by org.testng.reporters.JUnitReportReporter -->
<testsuite hostname="DELL-PC" failures="0" tests="4" name="SuiteB.TC_001" time="0.011" errors="0" timestamp="11 Oct 2019 01:45:48 GMT" skipped="1">
  <testcase classname="SuiteB.TC_001" name="mauve" time="0.000"/>
  <testcase classname="SuiteB.TC_001" name="Blue" time="0.010"/>
  <testcase classname="SuiteB.TC_001" name="purple" time="0.000"/>
  <testcase classname="SuiteB.TC_001" name="green" time="0.001">
    <skipped/>
  </testcase> <!-- green -->
</testsuite> <!-- SuiteB.TC_001 -->
