<?xml version="1.0" encoding="UTF-8"?>
<!-- Generated by org.testng.reporters.JUnitReportReporter -->
<testsuite hostname="DELL-PC" failures="0" tests="1" name="com.selenium.DummyMaven.TC_001" time="0.032" errors="0" timestamp="08 Oct 2019 17:54:14 GMT" skipped="0">
  <testcase classname="com.selenium.DummyMaven.TC_001" name="f" time="0.032"/>
</testsuite> <!-- com.selenium.DummyMaven.TC_001 -->
