<?xml version="1.0" encoding="UTF-8"?>
<!-- Generated by org.testng.reporters.JUnitReportReporter -->
<testsuite hostname="DELL-PC" failures="0" tests="1" name="SuiteA.NewTest" time="0.000" errors="0" timestamp="11 Oct 2019 01:45:48 GMT" skipped="0">
  <testcase classname="SuiteA.NewTest" name="f" time="0.000"/>
</testsuite> <!-- SuiteA.NewTest -->
