<?xml version="1.0" encoding="UTF-8"?>
<!-- Generated by org.testng.reporters.JUnitReportReporter -->
<testsuite hostname="DELL-PC" failures="0" tests="1" name="com.selenium.DummyMaven.NewTest" time="0.016" errors="0" timestamp="08 Oct 2019 08:18:25 GMT" skipped="0">
  <testcase classname="com.selenium.DummyMaven.NewTest" name="f" time="0.016"/>
</testsuite> <!-- com.selenium.DummyMaven.NewTest -->
